<?xml version="1.0" encoding="UTF-8"?>
<!-- Generated by org.testng.reporters.JUnitXMLReporter -->
<testsuite ignored="0" hostname="HATI-SDG00096" failures="0" tests="2" name="Debit_Note_Add_Charges_Save_Delete_Charges" time="179.924" errors="0" timestamp="2024-01-10T21:29:35 IST">
  <testcase classname="BillingTest.Debit_Note_Add_Charges_Save_Delete_Charges" name="TC_01_Verify_Login" time="10.506"/>
  <testcase classname="BillingTest.Debit_Note_Add_Charges_Save_Delete_Charges" name="TC_02_Debit_Note_Add_Charges_Save_Delete_Charges" time="152.161"/>
</testsuite> <!-- Debit_Note_Add_Charges_Save_Delete_Charges -->
