<?xml version="1.0" encoding="UTF-8"?>
<!-- Generated by org.testng.reporters.JUnitXMLReporter -->
<testsuite ignored="0" hostname="HATI-SDG00096" failures="0" tests="2" name="Debit_Note_Advanced_search" time="86.661" errors="0" timestamp="2024-01-10T21:31:04 IST">
  <testcase classname="BillingTest.Debit_Note_Advanced_search" name="TC_01_Verify_Login" time="10.594"/>
  <testcase classname="BillingTest.Debit_Note_Advanced_search" name="TC_02_Debit_Note_Advanced_search" time="49.649"/>
</testsuite> <!-- Debit_Note_Advanced_search -->
