<?xml version="1.0" encoding="UTF-8"?>
<!-- Generated by org.testng.reporters.JUnitXMLReporter -->
<testsuite ignored="0" hostname="HATI-SDG00096" failures="0" tests="2" name="Debit_Note_Final_Bill_Partial_Settlement" time="242.685" errors="0" timestamp="2024-01-10T21:39:05 IST">
  <testcase classname="BillingTest.Debit_Note_with_discount_Section_Final_Bill_Partial_Settlement" name="TC_01_Verify_Login" time="16.529"/>
  <testcase classname="BillingTest.Debit_Note_with_discount_Section_Final_Bill_Partial_Settlement" name="TC_02_Debit_Note_with_discount_Section_Final_Bill_Partial_Settlement" time="220.935"/>
</testsuite> <!-- Debit_Note_Final_Bill_Partial_Settlement -->
