<?xml version="1.0" encoding="UTF-8"?>
<!-- Generated by org.testng.reporters.JUnitXMLReporter -->
<testsuite ignored="0" hostname="HATI-SDG00096" failures="0" tests="2" name="Billing_Summary_Advanced_search" time="60.228" errors="0" timestamp="2024-01-10T21:01:40 IST">
  <testcase classname="BillingTest.Billing_Summary_Advanced_search" name="TC_01_Verify_Login" time="10.594"/>
  <testcase classname="BillingTest.Billing_Summary_Advanced_search" name="TC_02_Billing_Summary_Advanced_search" time="39.129"/>
</testsuite> <!-- Billing_Summary_Advanced_search -->
