<?xml version="1.0" encoding="UTF-8"?>
<!-- Generated by org.testng.reporters.JUnitXMLReporter -->
<testsuite ignored="0" hostname="HATI-SDG00096" failures="0" tests="2" name="OP_Bill_Final_Bill_Outstanding_Billing_Summary_Invoice_SendMail" time="233.263" errors="0" timestamp="2024-01-10T22:45:22 IST">
  <testcase classname="BillingTest.OP_Bill_Final_Bill_Outstanding_Billing_Summary_Invoice_SendMail" name="TC_01_Verify_Login" time="20.118"/>
  <testcase classname="BillingTest.OP_Bill_Final_Bill_Outstanding_Billing_Summary_Invoice_SendMail" name="TC_02_OP_Bill_Final_Bill_Outstanding_Billing_Summary_Invoice_SendMail" time="211.456"/>
</testsuite> <!-- OP_Bill_Final_Bill_Outstanding_Billing_Summary_Invoice_SendMail -->
