<?xml version="1.0" encoding="UTF-8"?>
<!-- Generated by org.testng.reporters.JUnitXMLReporter -->
<testsuite ignored="0" hostname="HATI-SDG00096" failures="0" tests="2" name="OPCharge_Advance_Search_Test" time="0.055" errors="0" timestamp="2024-01-10T11:34:03 IST">
  <testcase classname="BillingTest.OPCharge_Advance_Search_Test" name="@BeforeTest startBrowser" time="0.006">
    <failure type="java.lang.Error" message="Unresolved compilation problems: 
	dateFormat cannot be resolved
	date cannot be resolved to a variable
">
      <![CDATA[java.lang.Error: Unresolved compilation problems: 
dateFormat cannot be resolved
date cannot be resolved to a variable

at BillingTest.OPCharge_Advance_Search_Test.startBrowser(OPCharge_Advance_Search_Test.java:56)
... Removed 24 stack frames]]>
    </failure>
  </testcase> <!-- @BeforeTest startBrowser -->
  <testcase classname="BillingTest.OPCharge_Advance_Search_Test" name="TC_01_Verify_Login" time="0.0">
    <skipped/>
  </testcase> <!-- TC_01_Verify_Login -->
  <testcase classname="BillingTest.OPCharge_Advance_Search_Test" name="TC_02_OPCharge_Screen" time="0.0">
    <skipped/>
  </testcase> <!-- TC_02_OPCharge_Screen -->
</testsuite> <!-- OPCharge_Advance_Search_Test -->
