<?xml version="1.0" encoding="UTF-8"?>
<!-- Generated by org.testng.reporters.JUnitXMLReporter -->
<testsuite ignored="0" hostname="HATI-SDG00096" failures="0" tests="2" name="New_Registration_Encounter_creation_Debit_Note_Oustanding_Invoice" time="223.709" errors="0" timestamp="2024-01-10T22:23:54 IST">
  <testcase classname="BillingTest.New_Registration_Encounter_creation_Debit_Note_Oustanding_Invoice" name="TC_01_Verify_Login" time="17.725"/>
  <testcase classname="BillingTest.New_Registration_Encounter_creation_Debit_Note_Oustanding_Invoice" name="TC_02_New_Registration_Encounter_creation_Debit_Note_Oustanding_Invoice" time="204.119"/>
</testsuite> <!-- New_Registration_Encounter_creation_Debit_Note_Oustanding_Invoice -->
