<?xml version="1.0" encoding="UTF-8"?>
<!-- Generated by org.testng.reporters.JUnitXMLReporter -->
<testsuite ignored="0" hostname="HATI-SDG00096" failures="1" tests="2" name="OP_Patient_Self_Refund_Test" time="27.646" errors="0" timestamp="2024-01-10T23:26:23 IST">
  <testcase classname="BillingTest.OP_Patient_Self_Refund_Against_Account_Test" name="TC_01_Verify_Login" time="10.633"/>
  <testcase classname="BillingTest.OP_Patient_Self_Refund_Against_Account_Test" name="TC_02_User_Able_To_Do_Partial_Refund_Against_Company" time="0.0">
    <failure type="org.testng.TestNGException" message="
Parameter &amp;apos;PrimaryIdNumberPar&amp;apos; is required by @Test on method TC_02_User_Able_To_Do_Partial_Refund_Against_Company but has not been marked @Optional or defined
in C:\Users\Kamlakar\git\Hati_Medcare\MedcareFramrwork_id-backend\Test_Billing_Test_Runner_XMLS\OP_Patient_Refund_Against_Account_Self.xml">
      <![CDATA[org.testng.TestNGException: 
Parameter 'PrimaryIdNumberPar' is required by @Test on method TC_02_User_Able_To_Do_Partial_Refund_Against_Company but has not been marked @Optional or defined
in C:\Users\Kamlakar\git\Hati_Medcare\MedcareFramrwork_id-backend\Test_Billing_Test_Runner_XMLS\OP_Patient_Refund_Against_Account_Self.xml
at java.base/java.util.ArrayList.forEach(ArrayList.java:1511)
... Removed 27 stack frames]]>
    </failure>
  </testcase> <!-- TC_02_User_Able_To_Do_Partial_Refund_Against_Company -->
</testsuite> <!-- OP_Patient_Self_Refund_Test -->
