<?xml version="1.0" encoding="UTF-8"?>
<!-- Generated by org.testng.reporters.JUnitXMLReporter -->
<testsuite ignored="0" hostname="HATI-SDG00096" failures="1" tests="2" name="OP_Patient_Self_Deposit_Full_Consume_Test" time="27.042" errors="0" timestamp="2024-01-10T23:28:58 IST">
  <testcase classname="BillingTest.OP_Patient_Self_Deposit_Partial_Consume_Test" name="TC_01_Verify_Login" time="10.617"/>
  <testcase classname="BillingTest.OP_Patient_Self_Deposit_Partial_Consume_Test" name="TC_02_OPCharge_Screen" time="0.0">
    <failure type="java.lang.Error" message="Unresolved compilation problem: 
	The declared package &amp;quot;BillingPages.Depositself&amp;quot; does not match the expected package &amp;quot;BillingPages&amp;quot;
">
      <![CDATA[java.lang.Error: Unresolved compilation problem: 
The declared package "BillingPages.Depositself" does not match the expected package "BillingPages"

at BillingPages.OP_Patient_Self_Deposit_Partial_Consume_Page.<init>(OP_Patient_Self_Deposit_Partial_Consume_Page.java:1)
at BillingTest.OP_Patient_Self_Deposit_Partial_Consume_Test.TC_02_OPCharge_Screen(OP_Patient_Self_Deposit_Partial_Consume_Test.java:51)
at java.base/java.util.ArrayList.forEach(ArrayList.java:1511)
... Removed 28 stack frames]]>
    </failure>
  </testcase> <!-- TC_02_OPCharge_Screen -->
</testsuite> <!-- OP_Patient_Self_Deposit_Full_Consume_Test -->
