<?xml version="1.0" encoding="UTF-8"?>
<!-- Generated by org.testng.reporters.JUnitXMLReporter -->
<testsuite ignored="0" hostname="HATI-SDG00096" failures="0" tests="2" name="GL_Approval_OP_BillSearch_patient_Add_charge_Add_discount_Final_Bill" time="261.935" errors="0" timestamp="2024-01-10T22:20:08 IST">
  <testcase classname="BillingTest.GL_Approval_OP_BillSearch_patient_Add_charge_Add_discount_Final_Bill" name="TC_01_Verify_Login" time="10.591"/>
  <testcase classname="BillingTest.GL_Approval_OP_BillSearch_patient_Add_charge_Add_discount_Final_Bill" name="TC_0_GL_Approval_OP_BillSearch_patient_Add_charge_Add_discount_Final_Bill" time="243.894"/>
</testsuite> <!-- GL_Approval_OP_BillSearch_patient_Add_charge_Add_discount_Final_Bill -->
