<?xml version="1.0" encoding="UTF-8"?>
<!-- Generated by org.testng.reporters.JUnitXMLReporter -->
<testsuite ignored="0" hostname="HATI-SDG00096" failures="0" tests="2" name="OPCharge_Charges_Save_With_Group_Discount_And_Delete_Charges_Self_Test" time="222.467" errors="0" timestamp="2024-01-11T00:03:56 IST">
  <testcase classname="BillingTest.OPCharge_Charges_Save_With_Group_Discount_And_Delete_Charges_Self_Test" name="TC_01_Verify_Login" time="10.641"/>
  <testcase classname="BillingTest.OPCharge_Charges_Save_With_Group_Discount_And_Delete_Charges_Self_Test" name="TC_02_User_Able_To_Delete_OP_Charges" time="195.38"/>
</testsuite> <!-- OPCharge_Charges_Save_With_Group_Discount_And_Delete_Charges_Self_Test -->
