<?xml version="1.0" encoding="UTF-8"?>
<!-- Generated by org.testng.reporters.JUnitXMLReporter -->
<testsuite ignored="0" hostname="HATI-SDG00096" failures="0" tests="2" name="OP_Company_Deposit_Singal_Payment_Method_Test" time="97.4" errors="0" timestamp="2024-01-10T22:59:50 IST">
  <testcase classname="BillingTest.OP_Company_Deposit_Singal_Payment_Method_Test" name="TC_01_Verify_Login" time="10.636"/>
  <testcase classname="BillingTest.OP_Company_Deposit_Singal_Payment_Method_Test" name="TC_02_User_Able_To_Do_Deposit_Against_Company_Singale_Payment" time="68.608"/>
</testsuite> <!-- OP_Company_Deposit_Singal_Payment_Method_Test -->
