<?xml version="1.0" encoding="UTF-8"?>
<!-- Generated by org.testng.reporters.JUnitXMLReporter -->
<testsuite ignored="0" hostname="HATI-SDG00096" failures="1" tests="2" name="OP_Patient_Self_Deposit_With_Multiple_Payment_Against_Account_Test" time="27.338" errors="0" timestamp="2024-01-10T23:24:50 IST">
  <testcase classname="BillingTest.OP_Patient_Self_Deposit_With_Multiple_Payment_Against_Account_Test" name="TC_01_Verify_Login" time="10.619"/>
  <testcase classname="BillingTest.OP_Patient_Self_Deposit_With_Multiple_Payment_Against_Account_Test" name="TC_02_OP_Patient_Deposit_Self_MutiplePayment_Against_Account" time="0.0">
    <failure type="java.lang.Error" message="Unresolved compilation problem: 
	Type mismatch: cannot convert from OP_Patient_Self_Deposit_Against_Account_Page to OP_Patient_Self_Deposit_With_Multiple_Payment_Against_Account_Page
">
      <![CDATA[java.lang.Error: Unresolved compilation problem: 
Type mismatch: cannot convert from OP_Patient_Self_Deposit_Against_Account_Page to OP_Patient_Self_Deposit_With_Multiple_Payment_Against_Account_Page

at BillingTest.OP_Patient_Self_Deposit_With_Multiple_Payment_Against_Account_Test.TC_02_OP_Patient_Deposit_Self_MutiplePayment_Against_Account(OP_Patient_Self_Deposit_With_Multiple_Payment_Against_Account_Test.java:49)
at java.base/java.util.ArrayList.forEach(ArrayList.java:1511)
... Removed 28 stack frames]]>
    </failure>
  </testcase> <!-- TC_02_OP_Patient_Deposit_Self_MutiplePayment_Against_Account -->
</testsuite> <!-- OP_Patient_Self_Deposit_With_Multiple_Payment_Against_Account_Test -->
