<?xml version="1.0" encoding="UTF-8"?>
<!-- Generated by org.testng.reporters.JUnitXMLReporter -->
<testsuite ignored="0" hostname="HATI-SDG00096" failures="0" tests="2" name="Debit_Note_Final_Bill_Partial_Settlement" time="233.128" errors="0" timestamp="2024-01-10T21:35:00 IST">
  <testcase classname="BillingTest.Debit_Note_Final_Bill_Partial_Settlement" name="TC_01_Verify_Login" time="10.579"/>
  <testcase classname="BillingTest.Debit_Note_Final_Bill_Partial_Settlement" name="TC_02_New_Registration_Encounter_creation_Debit_Note_Final_Bill_Partial_Settlement" time="208.818"/>
</testsuite> <!-- Debit_Note_Final_Bill_Partial_Settlement -->
