<?xml version="1.0" encoding="UTF-8"?>
<!-- Generated by org.testng.reporters.JUnitXMLReporter -->
<testsuite ignored="0" hostname="HATI-SDG00096" failures="0" tests="2" name="OP_Bill_Final_Bill_Outstanding_Billing_Summary_Invoice_Cancel_Bill" time="240.907" errors="0" timestamp="2024-01-10T22:41:26 IST">
  <testcase classname="BillingTest.OP_Bill_Final_Bill_Outstanding_Billing_Summary_Invoice_Cancel_Bill" name="TC_01_Verify_Login" time="10.54"/>
  <testcase classname="BillingTest.OP_Bill_Final_Bill_Outstanding_Billing_Summary_Invoice_Cancel_Bill" name="TC_02_OP_Bill_Final_Bill_Outstanding_Billing_Summary_Invoice_Cancel_Bill" time="221.105"/>
</testsuite> <!-- OP_Bill_Final_Bill_Outstanding_Billing_Summary_Invoice_Cancel_Bill -->
