<?xml version="1.0" encoding="UTF-8"?>
<!-- Generated by org.testng.reporters.JUnitXMLReporter -->
<testsuite ignored="0" hostname="HATI-SDG00096" failures="0" tests="2" name="OPCharge_Charges_Save_With_Group_Discount_Self_Test" time="210.134" errors="0" timestamp="2024-01-11T00:07:29 IST">
  <testcase classname="BillingTest.OPCharge_Charges_Save_With_Group_Discount_Self_Test" name="TC_01_Verify_Login" time="10.832"/>
  <testcase classname="BillingTest.OPCharge_Charges_Save_With_Group_Discount_Self_Test" name="TC_02_User_Able_To_Save_OPCharge_With_Group_Discount" time="178.446"/>
</testsuite> <!-- OPCharge_Charges_Save_With_Group_Discount_Self_Test -->
