<?xml version="1.0" encoding="UTF-8"?>
<!-- Generated by org.testng.reporters.JUnitXMLReporter -->
<testsuite ignored="0" hostname="HATI-SDG00096" failures="0" tests="2" name="OP_Company_Partial_Refund_Test" time="136.956" errors="0" timestamp="2024-01-10T23:04:31 IST">
  <testcase classname="BillingTest.OP_Company_Partial_Refund_Test" name="TC_01_Verify_Login" time="10.335"/>
  <testcase classname="BillingTest.OP_Company_Partial_Refund_Test" name="TC_02_User_Able_To_Do_Partial_Refund_Against_Company" time="114.101"/>
</testsuite> <!-- OP_Company_Partial_Refund_Test -->
